Using pre-set license
Built from '2022.3/staging' branch; Version is '2022.3.16f1 (d2c21f0ef2f1) revision 13812255'; Using compiler version '192829333'; Build Type 'Release'
OS: 'Windows 10  (10.0.19044) 64bit EnterpriseS' Language: 'en' Physical Memory: 32692 MB
BatchMode: 1, IsHumanControllingUs: 0, StartBugReporterOnCrash: 0, Is64bit: 1, IsPro: 1

COMMAND LINE ARGUMENTS:
C:\Program Files\Unity\Hub\Editor\2022.3.16f1\Editor\Unity.exe
-adb2
-batchMode
-noUpm
-name
AssetImportWorker1
-projectPath
C:/Users/IXLAB/Documents/GitHub/fmod-spatializer-comparison/FMOD Spatializer Comparison
-logFile
Logs/AssetImportWorker1.log
-srvPort
52530
Successfully changed project path to: C:/Users/IXLAB/Documents/GitHub/fmod-spatializer-comparison/FMOD Spatializer Comparison
C:/Users/IXLAB/Documents/GitHub/fmod-spatializer-comparison/FMOD Spatializer Comparison
[UnityMemory] Configuration Parameters - Can be set up in boot.config
    "memorysetup-bucket-allocator-granularity=16"
    "memorysetup-bucket-allocator-bucket-count=8"
    "memorysetup-bucket-allocator-block-size=33554432"
    "memorysetup-bucket-allocator-block-count=8"
    "memorysetup-main-allocator-block-size=16777216"
    "memorysetup-thread-allocator-block-size=16777216"
    "memorysetup-gfx-main-allocator-block-size=16777216"
    "memorysetup-gfx-thread-allocator-block-size=16777216"
    "memorysetup-cache-allocator-block-size=4194304"
    "memorysetup-typetree-allocator-block-size=2097152"
    "memorysetup-profiler-bucket-allocator-granularity=16"
    "memorysetup-profiler-bucket-allocator-bucket-count=8"
    "memorysetup-profiler-bucket-allocator-block-size=33554432"
    "memorysetup-profiler-bucket-allocator-block-count=8"
    "memorysetup-profiler-allocator-block-size=16777216"
    "memorysetup-profiler-editor-allocator-block-size=1048576"
    "memorysetup-temp-allocator-size-main=16777216"
    "memorysetup-job-temp-allocator-block-size=2097152"
    "memorysetup-job-temp-allocator-block-size-background=1048576"
    "memorysetup-job-temp-allocator-reduction-small-platforms=262144"
    "memorysetup-allocator-temp-initial-block-size-main=262144"
    "memorysetup-allocator-temp-initial-block-size-worker=262144"
    "memorysetup-temp-allocator-size-background-worker=32768"
    "memorysetup-temp-allocator-size-job-worker=262144"
    "memorysetup-temp-allocator-size-preload-manager=33554432"
    "memorysetup-temp-allocator-size-nav-mesh-worker=65536"
    "memorysetup-temp-allocator-size-audio-worker=65536"
    "memorysetup-temp-allocator-size-cloud-worker=32768"
    "memorysetup-temp-allocator-size-gi-baking-worker=262144"
    "memorysetup-temp-allocator-size-gfx=262144"
Player connection [25332] Host "[IP] 172.16.119.240 [Port] 0 [Flags] 2 [Guid] 4230146332 [EditorId] 4230146332 [Version] 1048832 [Id] WindowsEditor(7,DESKTOP-ED8KCJM) [Debug] 1 [PackageName] WindowsEditor [ProjectName] Editor" joined multi-casting on [225.0.0.222:54997]...

Player connection [25332] Host "[IP] 172.16.119.240 [Port] 0 [Flags] 2 [Guid] 4230146332 [EditorId] 4230146332 [Version] 1048832 [Id] WindowsEditor(7,DESKTOP-ED8KCJM) [Debug] 1 [PackageName] WindowsEditor [ProjectName] Editor" joined alternative multi-casting on [225.0.0.222:34997]...

[Physics::Module] Initialized MultithreadedJobDispatcher with 23 workers.
Refreshing native plugins compatible for Editor in 40.97 ms, found 20 plugins.
Preloading 5 native plugins for Editor in 3.02 ms.
Initialize engine version: 2022.3.16f1 (d2c21f0ef2f1)
[Subsystems] Discovering subsystems at path C:/Program Files/Unity/Hub/Editor/2022.3.16f1/Editor/Data/Resources/UnitySubsystems
[Subsystems] Discovering subsystems at path C:/Users/IXLAB/Documents/GitHub/fmod-spatializer-comparison/FMOD Spatializer Comparison/Assets
GfxDevice: creating device client; threaded=0; jobified=0
Direct3D:
    Version:  Direct3D 11.0 [level 11.1]
    Renderer: NVIDIA GeForce RTX 2070 SUPER (ID=0x1e84)
    Vendor:   NVIDIA
    VRAM:     8003 MB
    Driver:   31.0.15.3699
Shader 'Meta/MRUK/Scene/HighlightsAndShadows': fallback shader 'Off' not found
Shader 'Oculus/OVRMRCameraFrameLit': fallback shader 'Alpha-Diffuse' not found
Initialize mono
Mono path[0] = 'C:/Program Files/Unity/Hub/Editor/2022.3.16f1/Editor/Data/Managed'
Mono path[1] = 'C:/Program Files/Unity/Hub/Editor/2022.3.16f1/Editor/Data/MonoBleedingEdge/lib/mono/unityjit-win32'
Mono config path = 'C:/Program Files/Unity/Hub/Editor/2022.3.16f1/Editor/Data/MonoBleedingEdge/etc'
Using monoOptions --debugger-agent=transport=dt_socket,embedding=1,server=y,suspend=n,address=127.0.0.1:56528
Begin MonoManager ReloadAssembly
Registering precompiled unity dll's ...
Register platform support module: C:/Program Files/Unity/Hub/Editor/2022.3.16f1/Editor/Data/PlaybackEngines/AndroidPlayer/UnityEditor.Android.Extensions.dll
Register platform support module: C:/Program Files/Unity/Hub/Editor/2022.3.16f1/Editor/Data/PlaybackEngines/WindowsStandaloneSupport/UnityEditor.WindowsStandalone.Extensions.dll
Registered in 0.006433 seconds.
- Loaded All Assemblies, in  0.335 seconds
Native extension for WindowsStandalone target not found
Native extension for Android target not found
Android Extension - Scanning For ADB Devices 422 ms
Mono: successfully reloaded assembly
- Finished resetting the current domain, in  0.750 seconds
Domain Reload Profiling: 1085ms
	BeginReloadAssembly (98ms)
		ExecutionOrderSort (0ms)
		DisableScriptedObjects (0ms)
		BackupInstance (0ms)
		ReleaseScriptingObjects (0ms)
		CreateAndSetChildDomain (1ms)
	RebuildCommonClasses (31ms)
	RebuildNativeTypeToScriptingClass (11ms)
	initialDomainReloadingComplete (51ms)
	LoadAllAssembliesAndSetupDomain (143ms)
		LoadAssemblies (96ms)
		RebuildTransferFunctionScriptingTraits (0ms)
		AnalyzeDomain (141ms)
			TypeCache.Refresh (139ms)
				TypeCache.ScanAssembly (127ms)
			ScanForSourceGeneratedMonoScriptInfo (0ms)
			ResolveRequiredComponents (0ms)
	FinalizeReload (751ms)
		ReleaseScriptCaches (0ms)
		RebuildScriptCaches (0ms)
		SetupLoadedEditorAssemblies (696ms)
			LogAssemblyErrors (0ms)
			InitializePlatformSupportModulesInManaged (535ms)
			SetLoadedEditorAssemblies (4ms)
			RefreshPlugins (0ms)
			BeforeProcessingInitializeOnLoad (2ms)
			ProcessInitializeOnLoadAttributes (113ms)
			ProcessInitializeOnLoadMethodAttributes (42ms)
			AfterProcessingInitializeOnLoad (0ms)
			EditorAssembliesLoaded (0ms)
		ExecutionOrderSort2 (0ms)
		AwakeInstancesAfterBackupRestoration (0ms)
========================================================================
Worker process is ready to serve import requests
Begin MonoManager ReloadAssembly
Symbol file data-0000029000F4E060 doesn't match image C:\Users\IXLAB\Documents\GitHub\fmod-spatializer-comparison\FMOD Spatializer Comparison\Library\ScriptAssemblies\Oculus.Haptics.Editor.dll
Symbol file LoadedFromMemory is not a mono symbol file
Symbol file data-0000029000647EB0 doesn't match image C:\Users\IXLAB\Documents\GitHub\fmod-spatializer-comparison\FMOD Spatializer Comparison\Library\ScriptAssemblies\SteamAudioUnity.dll
Symbol file LoadedFromMemory is not a mono symbol file
Symbol file data-00000291DDF0E720 doesn't match image C:\Users\IXLAB\Documents\GitHub\fmod-spatializer-comparison\FMOD Spatializer Comparison\Library\ScriptAssemblies\Unity.XR.Management.dll
Symbol file LoadedFromMemory is not a mono symbol file
Symbol file data-00000291DD8BB670 doesn't match image C:\Users\IXLAB\Documents\GitHub\fmod-spatializer-comparison\FMOD Spatializer Comparison\Library\ScriptAssemblies\Meta.VoiceSDK.Mic.Common.dll
Symbol file LoadedFromMemory is not a mono symbol file
Symbol file data-0000029000B37020 doesn't match image C:\Users\IXLAB\Documents\GitHub\fmod-spatializer-comparison\FMOD Spatializer Comparison\Library\ScriptAssemblies\FMODUnityEditor.dll
Symbol file LoadedFromMemory is not a mono symbol file
Symbol file data-00000291DD8BB670 doesn't match image C:\Users\IXLAB\Documents\GitHub\fmod-spatializer-comparison\FMOD Spatializer Comparison\Library\ScriptAssemblies\AssistantVoiceCommandCommon.dll
Symbol file LoadedFromMemory is not a mono symbol file
Symbol file data-00000290006916C0 doesn't match image C:\Users\IXLAB\Documents\GitHub\fmod-spatializer-comparison\FMOD Spatializer Comparison\Library\ScriptAssemblies\Unity.AI.Navigation.dll
Symbol file LoadedFromMemory is not a mono symbol file
Symbol file data-0000029000B37020 doesn't match image C:\Users\IXLAB\Documents\GitHub\fmod-spatializer-comparison\FMOD Spatializer Comparison\Library\ScriptAssemblies\Unity.Burst.Editor.dll
Symbol file LoadedFromMemory is not a mono symbol file
Symbol file data-00000290006916C0 doesn't match image C:\Users\IXLAB\Documents\GitHub\fmod-spatializer-comparison\FMOD Spatializer Comparison\Library\ScriptAssemblies\meta.xr.mrutilitykit.editor.dll
Symbol file LoadedFromMemory is not a mono symbol file
Symbol file data-00000291DE3870A0 doesn't match image C:\Users\IXLAB\Documents\GitHub\fmod-spatializer-comparison\FMOD Spatializer Comparison\Library\ScriptAssemblies\Meta.XR.Editor.Tags.dll
Symbol file LoadedFromMemory is not a mono symbol file
Symbol file data-0000029000B37020 doesn't match image C:\Users\IXLAB\Documents\GitHub\fmod-spatializer-comparison\FMOD Spatializer Comparison\Library\ScriptAssemblies\Meta.WitAi.Conduit.dll
Symbol file LoadedFromMemory is not a mono symbol file
Symbol file data-0000029000695AD0 doesn't match image C:\Users\IXLAB\Documents\GitHub\fmod-spatializer-comparison\FMOD Spatializer Comparison\Library\ScriptAssemblies\Meta.XR.MultiplayerBlocks.Fusion.Editor.dll
Symbol file LoadedFromMemory is not a mono symbol file
Symbol file data-0000029000695AD0 doesn't match image C:\Users\IXLAB\Documents\GitHub\fmod-spatializer-comparison\FMOD Spatializer Comparison\Library\ScriptAssemblies\VoiceSDK.Editor.Composer.dll
Symbol file LoadedFromMemory is not a mono symbol file
Symbol file data-0000029000B47440 doesn't match image C:\Users\IXLAB\Documents\GitHub\fmod-spatializer-comparison\FMOD Spatializer Comparison\Library\ScriptAssemblies\SteamAudioUnityEditor.dll
Symbol file LoadedFromMemory is not a mono symbol file
Symbol file data-0000029000695AD0 doesn't match image C:\Users\IXLAB\Documents\GitHub\fmod-spatializer-comparison\FMOD Spatializer Comparison\Library\ScriptAssemblies\Meta.XR.Editor.UserInterface.dll
Symbol file LoadedFromMemory is not a mono symbol file
Symbol file data-0000029000B71C50 doesn't match image C:\Users\IXLAB\Documents\GitHub\fmod-spatializer-comparison\FMOD Spatializer Comparison\Library\ScriptAssemblies\Unity.Networking.Transport.dll
Symbol file LoadedFromMemory is not a mono symbol file
Symbol file data-0000029000B7AA60 doesn't match image C:\Users\IXLAB\Documents\GitHub\fmod-spatializer-comparison\FMOD Spatializer Comparison\Library\ScriptAssemblies\Normal.Realtime.Shared.dll
Symbol file LoadedFromMemory is not a mono symbol file
Symbol file data-0000029000B8D270 doesn't match image C:\Users\IXLAB\Documents\GitHub\fmod-spatializer-comparison\FMOD Spatializer Comparison\Library\ScriptAssemblies\Unity.Rider.Editor.dll
Symbol file LoadedFromMemory is not a mono symbol file
Symbol file data-0000029000695AD0 doesn't match image C:\Users\IXLAB\Documents\GitHub\fmod-spatializer-comparison\FMOD Spatializer Comparison\Library\ScriptAssemblies\FMODUnityResonance.dll
Symbol file LoadedFromMemory is not a mono symbol file
Symbol file data-0000029000B9F3E0 doesn't match image C:\Users\IXLAB\Documents\GitHub\fmod-spatializer-comparison\FMOD Spatializer Comparison\Library\ScriptAssemblies\UnityEditor.TestRunner.dll
Symbol file LoadedFromMemory is not a mono symbol file
Symbol file data-0000029000A82620 doesn't match image C:\Users\IXLAB\Documents\GitHub\fmod-spatializer-comparison\FMOD Spatializer Comparison\Library\ScriptAssemblies\Unity.VisualScripting.Flow.dll
Symbol file LoadedFromMemory is not a mono symbol file
Symbol file data-0000029000B8D270 doesn't match image C:\Users\IXLAB\Documents\GitHub\fmod-spatializer-comparison\FMOD Spatializer Comparison\Library\ScriptAssemblies\Unity.Netcode.Components.dll
Symbol file LoadedFromMemory is not a mono symbol file
Symbol file data-0000029000695AD0 doesn't match image C:\Users\IXLAB\Documents\GitHub\fmod-spatializer-comparison\FMOD Spatializer Comparison\Library\ScriptAssemblies\Unity.Mathematics.Editor.dll
Symbol file LoadedFromMemory is not a mono symbol file
Symbol file data-0000029000695AD0 doesn't match image C:\Users\IXLAB\Documents\GitHub\fmod-spatializer-comparison\FMOD Spatializer Comparison\Library\ScriptAssemblies\VoiceSDK.Dictation.Editor.dll
Symbol file LoadedFromMemory is not a mono symbol file
Symbol file data-0000029000695AD0 doesn't match image C:\Users\IXLAB\Documents\GitHub\fmod-spatializer-comparison\FMOD Spatializer Comparison\Library\ScriptAssemblies\Unity.TestTools.CodeCoverage.Editor.OpenCover.Mono.Reflection.dll
Symbol file LoadedFromMemory is not a mono symbol file
Symbol file data-00000291DE2151E0 doesn't match image C:\Users\IXLAB\Documents\GitHub\fmod-spatializer-comparison\FMOD Spatializer Comparison\Library\ScriptAssemblies\Unity.Netcode.Editor.dll
Symbol file LoadedFromMemory is not a mono symbol file
Symbol file data-00000291DE2151E0 doesn't match image C:\Users\IXLAB\Documents\GitHub\fmod-spatializer-comparison\FMOD Spatializer Comparison\Library\ScriptAssemblies\Meta.Wit.Dictation.dll
Symbol file LoadedFromMemory is not a mono symbol file
Symbol file data-0000029000695AD0 doesn't match image C:\Users\IXLAB\Documents\GitHub\fmod-spatializer-comparison\FMOD Spatializer Comparison\Library\ScriptAssemblies\MetaXrSimulator.Editor.dll
Symbol file LoadedFromMemory is not a mono symbol file
Symbol file data-00000291DE21BFF0 doesn't match image C:\Users\IXLAB\Documents\GitHub\fmod-spatializer-comparison\FMOD Spatializer Comparison\Library\ScriptAssemblies\PathCreatorEditor.dll
Symbol file LoadedFromMemory is not a mono symbol file
Symbol file data-00000291DE2323B0 doesn't match image C:\Users\IXLAB\Documents\GitHub\fmod-spatializer-comparison\FMOD Spatializer Comparison\Library\ScriptAssemblies\Meta.Wit.Composer.Editor.dll
Symbol file LoadedFromMemory is not a mono symbol file
Symbol file data-0000029000BF3010 doesn't match image C:\Users\IXLAB\Documents\GitHub\fmod-spatializer-comparison\FMOD Spatializer Comparison\Library\ScriptAssemblies\Unity.Performance.Profile-Analyzer.Editor.dll
Symbol file LoadedFromMemory is not a mono symbol file
Symbol file data-0000029000AC3A30 doesn't match image C:\Users\IXLAB\Documents\GitHub\fmod-spatializer-comparison\FMOD Spatializer Comparison\Library\ScriptAssemblies\Unity.TestTools.CodeCoverage.Editor.dll
Symbol file LoadedFromMemory is not a mono symbol file
Symbol file data-00000291DE2323B0 doesn't match image C:\Users\IXLAB\Documents\GitHub\fmod-spatializer-comparison\FMOD Spatializer Comparison\Library\ScriptAssemblies\Unity.XR.Management.Editor.dll
Symbol file LoadedFromMemory is not a mono symbol file
Symbol file data-000002900009F420 doesn't match image C:\Users\IXLAB\Documents\GitHub\fmod-spatializer-comparison\FMOD Spatializer Comparison\Library\ScriptAssemblies\Unity.Collections.dll
Symbol file LoadedFromMemory is not a mono symbol file
Symbol file data-000002900009F420 doesn't match image C:\Users\IXLAB\Documents\GitHub\fmod-spatializer-comparison\FMOD Spatializer Comparison\Library\ScriptAssemblies\Unity.Netcode.Runtime.dll
Symbol file LoadedFromMemory is not a mono symbol file
Symbol file data-000002900009F420 doesn't match image C:\Users\IXLAB\Documents\GitHub\fmod-spatializer-comparison\FMOD Spatializer Comparison\Library\ScriptAssemblies\FMODUnity.dll
Symbol file LoadedFromMemory is not a mono symbol file
Symbol file data-00000291DE23A3C0 doesn't match image C:\Users\IXLAB\Documents\GitHub\fmod-spatializer-comparison\FMOD Spatializer Comparison\Library\ScriptAssemblies\Unity.Netcode.Editor.PackageChecker.dll
Symbol file LoadedFromMemory is not a mono symbol file
Symbol file data-00000291DE23A3C0 doesn't match image C:\Users\IXLAB\Documents\GitHub\fmod-spatializer-comparison\FMOD Spatializer Comparison\Library\ScriptAssemblies\AssistantVoiceCommandCommon.Editor.dll
Symbol file LoadedFromMemory is not a mono symbol file
Symbol file data-0000029000695AD0 doesn't match image C:\Users\IXLAB\Documents\GitHub\fmod-spatializer-comparison\FMOD Spatializer Comparison\Library\ScriptAssemblies\Oculus.Interaction.InterfaceSupport.dll
Symbol file LoadedFromMemory is not a mono symbol file
Symbol file data-00000290000B9840 doesn't match image C:\Users\IXLAB\Documents\GitHub\fmod-spatializer-comparison\FMOD Spatializer Comparison\Library\ScriptAssemblies\Unity.Settings.Editor.dll
Symbol file LoadedFromMemory is not a mono symbol file
Symbol file data-00000291DDA92620 doesn't match image C:\Users\IXLAB\Documents\GitHub\fmod-spatializer-comparison\FMOD Spatializer Comparison\Library\ScriptAssemblies\Oculus.VR.Scripts.Editor.dll
Symbol file LoadedFromMemory is not a mono symbol file
Symbol file data-00000291DDAA2A30 doesn't match image C:\Users\IXLAB\Documents\GitHub\fmod-spatializer-comparison\FMOD Spatializer Comparison\Library\ScriptAssemblies\Oculus.Interaction.OVR.dll
Symbol file LoadedFromMemory is not a mono symbol file
Symbol file data-0000029000ACBA40 doesn't match image C:\Users\IXLAB\Documents\GitHub\fmod-spatializer-comparison\FMOD Spatializer Comparison\Library\ScriptAssemblies\Oculus.Platform.Editor.dll
Symbol file LoadedFromMemory is not a mono symbol file
Symbol file data-0000029000695AD0 doesn't match image C:\Users\IXLAB\Documents\GitHub\fmod-spatializer-comparison\FMOD Spatializer Comparison\Library\ScriptAssemblies\Meta.VoiceSDK.Mic.Other.dll
Symbol file LoadedFromMemory is not a mono symbol file
Symbol file data-00000291DDAA2A30 doesn't match image C:\Users\IXLAB\Documents\GitHub\fmod-spatializer-comparison\FMOD Spatializer Comparison\Library\ScriptAssemblies\Unity.TextMeshPro.dll
Symbol file LoadedFromMemory is not a mono symbol file
Symbol file data-00000291DDAAEE40 doesn't match image C:\Users\IXLAB\Documents\GitHub\fmod-spatializer-comparison\FMOD Spatializer Comparison\Library\ScriptAssemblies\Meta.WitAi.Conduit.Editor.dll
Symbol file LoadedFromMemory is not a mono symbol file
Symbol file data-0000029000ACBA40 doesn't match image C:\Users\IXLAB\Documents\GitHub\fmod-spatializer-comparison\FMOD Spatializer Comparison\Library\ScriptAssemblies\Oculus.Interaction.OVR.Editor.dll
Symbol file LoadedFromMemory is not a mono symbol file
Symbol file data-00000291DDAC6460 doesn't match image C:\Users\IXLAB\Documents\GitHub\fmod-spatializer-comparison\FMOD Spatializer Comparison\Library\ScriptAssemblies\Unity.Burst.CodeGen.dll
Symbol file LoadedFromMemory is not a mono symbol file
Symbol file data-00000291DDAC6460 doesn't match image C:\Users\IXLAB\Documents\GitHub\fmod-spatializer-comparison\FMOD Spatializer Comparison\Library\ScriptAssemblies\Unity.AI.Navigation.Editor.ConversionSystem.dll
Symbol file LoadedFromMemory is not a mono symbol file
Symbol file data-00000291DDAD2270 doesn't match image C:\Users\IXLAB\Documents\GitHub\fmod-spatializer-comparison\FMOD Spatializer Comparison\Library\ScriptAssemblies\Unity.VSCode.Editor.dll
Symbol file LoadedFromMemory is not a mono symbol file
Symbol file data-00000291DDAD8280 doesn't match image C:\Users\IXLAB\Documents\GitHub\fmod-spatializer-comparison\FMOD Spatializer Comparison\Library\ScriptAssemblies\Unity.XR.Oculus.Editor.dll
Symbol file LoadedFromMemory is not a mono symbol file
Symbol file data-00000291DDAE0690 doesn't match image C:\Users\IXLAB\Documents\GitHub\fmod-spatializer-comparison\FMOD Spatializer Comparison\Library\ScriptAssemblies\PathCreator.dll
Symbol file LoadedFromMemory is not a mono symbol file
Symbol file data-0000029000695AD0 doesn't match image C:\Users\IXLAB\Documents\GitHub\fmod-spatializer-comparison\FMOD Spatializer Comparison\Library\ScriptAssemblies\Meta.XR.MultiplayerBlocks.Shared.Editor.dll
Symbol file LoadedFromMemory is not a mono symbol file
Symbol file data-00000291DE157430 doesn't match image C:\Users\IXLAB\Documents\GitHub\fmod-spatializer-comparison\FMOD Spatializer Comparison\Library\ScriptAssemblies\Oculus.Interaction.dll
Symbol file LoadedFromMemory is not a mono symbol file
Symbol file data-0000029000695AD0 doesn't match image C:\Users\IXLAB\Documents\GitHub\fmod-spatializer-comparison\FMOD Spatializer Comparison\Library\ScriptAssemblies\Meta.XR.Editor.Callbacks.dll
Symbol file LoadedFromMemory is not a mono symbol file
Symbol file data-00000291DE157430 doesn't match image C:\Users\IXLAB\Documents\GitHub\fmod-spatializer-comparison\FMOD Spatializer Comparison\Library\ScriptAssemblies\Meta.XR.BuildingBlocks.dll
Symbol file LoadedFromMemory is not a mono symbol file
Symbol file data-00000291DDAEB2A0 doesn't match image C:\Users\IXLAB\Documents\GitHub\fmod-spatializer-comparison\FMOD Spatializer Comparison\Library\ScriptAssemblies\VoiceSDK.Telemetry.dll
Symbol file LoadedFromMemory is not a mono symbol file
Symbol file data-00000291DE190240 doesn't match image C:\Users\IXLAB\Documents\GitHub\fmod-spatializer-comparison\FMOD Spatializer Comparison\Library\ScriptAssemblies\Oculus.VR.Editor.dll
Symbol file LoadedFromMemory is not a mono symbol file
Symbol file data-00000291DE190240 doesn't match image C:\Users\IXLAB\Documents\GitHub\fmod-spatializer-comparison\FMOD Spatializer Comparison\Library\ScriptAssemblies\Meta.WitAi.dll
Symbol file LoadedFromMemory is not a mono symbol file
Symbol file data-00000291DDAEB2A0 doesn't match image C:\Users\IXLAB\Documents\GitHub\fmod-spatializer-comparison\FMOD Spatializer Comparison\Library\ScriptAssemblies\Meta.Voice.VSDKHub.Editor.dll
Symbol file LoadedFromMemory is not a mono symbol file
Symbol file data-00000291DDF9DE20 doesn't match image C:\Users\IXLAB\Documents\GitHub\fmod-spatializer-comparison\FMOD Spatializer Comparison\Library\ScriptAssemblies\Meta.WitAi.Editor.dll
Symbol file LoadedFromMemory is not a mono symbol file
Symbol file data-00000291DDAEB2A0 doesn't match image C:\Users\IXLAB\Documents\GitHub\fmod-spatializer-comparison\FMOD Spatializer Comparison\Library\ScriptAssemblies\Oculus.Haptics.dll
Symbol file LoadedFromMemory is not a mono symbol file
Symbol file data-00000291DDAEB2A0 doesn't match image C:\Users\IXLAB\Documents\GitHub\fmod-spatializer-comparison\FMOD Spatializer Comparison\Library\ScriptAssemblies\Unity.EditorCoroutines.Editor.dll
Symbol file LoadedFromMemory is not a mono symbol file
Symbol file data-00000291DDF9DE20 doesn't match image C:\Users\IXLAB\Documents\GitHub\fmod-spatializer-comparison\FMOD Spatializer Comparison\Library\ScriptAssemblies\Meta.XR.Audio.Editor.dll
Symbol file LoadedFromMemory is not a mono symbol file
Symbol file data-00000291DDFA3A30 doesn't match image C:\Users\IXLAB\Documents\GitHub\fmod-spatializer-comparison\FMOD Spatializer Comparison\Library\ScriptAssemblies\VoiceSDK.Editor.dll
Symbol file LoadedFromMemory is not a mono symbol file
Symbol file data-00000291DDFB6040 doesn't match image C:\Users\IXLAB\Documents\GitHub\fmod-spatializer-comparison\FMOD Spatializer Comparison\Library\ScriptAssemblies\Unity.Netcode.Editor.CodeGen.dll
Symbol file LoadedFromMemory is not a mono symbol file
Symbol file data-00000291DDFBBE50 doesn't match image C:\Users\IXLAB\Documents\GitHub\fmod-spatializer-comparison\FMOD Spatializer Comparison\Library\ScriptAssemblies\UnityEngine.XR.LegacyInputHelpers.dll
Symbol file LoadedFromMemory is not a mono symbol file
Symbol file data-00000291DE011A60 doesn't match image C:\Users\IXLAB\Documents\GitHub\fmod-spatializer-comparison\FMOD Spatializer Comparison\Library\ScriptAssemblies\Unity.Burst.dll
Symbol file LoadedFromMemory is not a mono symbol file
Symbol file data-00000291DE016E70 doesn't match image C:\Users\IXLAB\Documents\GitHub\fmod-spatializer-comparison\FMOD Spatializer Comparison\Library\ScriptAssemblies\VoiceSDK.Dictation.Runtime.dll
Symbol file LoadedFromMemory is not a mono symbol file
Symbol file data-0000029000784830 doesn't match image C:\Users\IXLAB\Documents\GitHub\fmod-spatializer-comparison\FMOD Spatializer Comparison\Library\ScriptAssemblies\Unity.PlasticSCM.Editor.dll
Symbol file LoadedFromMemory is not a mono symbol file
Symbol file data-00000291DE01D280 doesn't match image C:\Users\IXLAB\Documents\GitHub\fmod-spatializer-comparison\FMOD Spatializer Comparison\Library\ScriptAssemblies\Unity.Collections.BurstCompatibilityGen.dll
Symbol file LoadedFromMemory is not a mono symbol file
Symbol file data-00000291DE025C90 doesn't match image C:\Users\IXLAB\Documents\GitHub\fmod-spatializer-comparison\FMOD Spatializer Comparison\Library\ScriptAssemblies\Meta.XR.MultiplayerBlocks.NGO.dll
Symbol file LoadedFromMemory is not a mono symbol file
Symbol file data-00000291DE0300A0 doesn't match image C:\Users\IXLAB\Documents\GitHub\fmod-spatializer-comparison\FMOD Spatializer Comparison\Library\ScriptAssemblies\Meta.WitAi.TTS.Editor.dll
Symbol file LoadedFromMemory is not a mono symbol file
Symbol file data-0000029000E04020 doesn't match image C:\Users\IXLAB\Documents\GitHub\fmod-spatializer-comparison\FMOD Spatializer Comparison\Library\ScriptAssemblies\Unity.Timeline.Editor.dll
Symbol file LoadedFromMemory is not a mono symbol file
Symbol file data-00000291DE0300A0 doesn't match image C:\Users\IXLAB\Documents\GitHub\fmod-spatializer-comparison\FMOD Spatializer Comparison\Library\ScriptAssemblies\Unity.VisualScripting.Shared.Editor.dll
Symbol file LoadedFromMemory is not a mono symbol file
Symbol file data-00000291DE0300A0 doesn't match image C:\Users\IXLAB\Documents\GitHub\fmod-spatializer-comparison\FMOD Spatializer Comparison\Library\ScriptAssemblies\meta.xr.mrutilitykit.dll
Symbol file LoadedFromMemory is not a mono symbol file
Symbol file data-00000291DE325830 doesn't match image C:\Users\IXLAB\Documents\GitHub\fmod-spatializer-comparison\FMOD Spatializer Comparison\Library\ScriptAssemblies\Unity.CollabProxy.Editor.dll
Symbol file LoadedFromMemory is not a mono symbol file
Symbol file data-00000291DE325830 doesn't match image C:\Users\IXLAB\Documents\GitHub\fmod-spatializer-comparison\FMOD Spatializer Comparison\Library\ScriptAssemblies\UnityEditor.SpatialTracking.dll
Symbol file LoadedFromMemory is not a mono symbol file
Symbol file data-00000291DE0300A0 doesn't match image C:\Users\IXLAB\Documents\GitHub\fmod-spatializer-comparison\FMOD Spatializer Comparison\Library\ScriptAssemblies\Unity.VisualStudio.Editor.dll
Symbol file LoadedFromMemory is not a mono symbol file
Symbol file data-00000291DE0300A0 doesn't match image C:\Users\IXLAB\Documents\GitHub\fmod-spatializer-comparison\FMOD Spatializer Comparison\Library\ScriptAssemblies\UnityEditor.UI.dll
Symbol file LoadedFromMemory is not a mono symbol file
Symbol file data-00000291DD630080 doesn't match image C:\Users\IXLAB\Documents\GitHub\fmod-spatializer-comparison\FMOD Spatializer Comparison\Library\ScriptAssemblies\Unity.VisualScripting.Core.dll
Symbol file LoadedFromMemory is not a mono symbol file
Symbol file data-00000290007BE050 doesn't match image C:\Users\IXLAB\Documents\GitHub\fmod-spatializer-comparison\FMOD Spatializer Comparison\Library\ScriptAssemblies\UnityEngine.SpatialTracking.dll
Symbol file LoadedFromMemory is not a mono symbol file
Symbol file data-00000290007BE050 doesn't match image C:\Users\IXLAB\Documents\GitHub\fmod-spatializer-comparison\FMOD Spatializer Comparison\Library\ScriptAssemblies\Unity.Collections.DocCodeSamples.dll
Symbol file LoadedFromMemory is not a mono symbol file
Symbol file data-00000291DD630080 doesn't match image C:\Users\IXLAB\Documents\GitHub\fmod-spatializer-comparison\FMOD Spatializer Comparison\Library\ScriptAssemblies\Unity.VisualScripting.Core.Editor.dll
Symbol file LoadedFromMemory is not a mono symbol file
Symbol file data-0000029000EACE40 doesn't match image C:\Users\IXLAB\Documents\GitHub\fmod-spatializer-comparison\FMOD Spatializer Comparison\Library\ScriptAssemblies\UnityEngine.UI.dll
Symbol file LoadedFromMemory is not a mono symbol file
Symbol file data-00000291DE325830 doesn't match image C:\Users\IXLAB\Documents\GitHub\fmod-spatializer-comparison\FMOD Spatializer Comparison\Library\ScriptAssemblies\UnityEditor.XR.LegacyInputHelpers.dll
Symbol file LoadedFromMemory is not a mono symbol file
Symbol file data-00000291DE329240 doesn't match image C:\Users\IXLAB\Documents\GitHub\fmod-spatializer-comparison\FMOD Spatializer Comparison\Library\ScriptAssemblies\Meta.XR.Editor.StatusMenu.dll
Symbol file LoadedFromMemory is not a mono symbol file
Symbol file data-00000291DD6AFAA0 doesn't match image C:\Users\IXLAB\Documents\GitHub\fmod-spatializer-comparison\FMOD Spatializer Comparison\Library\ScriptAssemblies\Meta.WitAi.Lib.dll
Symbol file LoadedFromMemory is not a mono symbol file
Symbol file data-0000029000EACE40 doesn't match image C:\Users\IXLAB\Documents\GitHub\fmod-spatializer-comparison\FMOD Spatializer Comparison\Library\ScriptAssemblies\Unity.VisualScripting.Flow.Editor.dll
Symbol file LoadedFromMemory is not a mono symbol file
Symbol file data-00000291DE329240 doesn't match image C:\Users\IXLAB\Documents\GitHub\fmod-spatializer-comparison\FMOD Spatializer Comparison\Library\ScriptAssemblies\Meta.Voice.Hub.Runtime.dll
Symbol file LoadedFromMemory is not a mono symbol file
Symbol file data-00000291DD710CC0 doesn't match image C:\Users\IXLAB\Documents\GitHub\fmod-spatializer-comparison\FMOD Spatializer Comparison\Library\ScriptAssemblies\Meta.XR.MultiplayerBlocks.Shared.dll
Symbol file LoadedFromMemory is not a mono symbol file
Symbol file data-00000291DD710CC0 doesn't match image C:\Users\IXLAB\Documents\GitHub\fmod-spatializer-comparison\FMOD Spatializer Comparison\Library\ScriptAssemblies\Meta.XR.MultiplayerBlocks.NGO.Editor.dll
Symbol file LoadedFromMemory is not a mono symbol file
Symbol file data-0000029000EACE40 doesn't match image C:\Users\IXLAB\Documents\GitHub\fmod-spatializer-comparison\FMOD Spatializer Comparison\Library\ScriptAssemblies\Meta.Voice.Hub.Editor.dll
Symbol file LoadedFromMemory is not a mono symbol file
Symbol file data-0000029000ED0C50 doesn't match image C:\Users\IXLAB\Documents\GitHub\fmod-spatializer-comparison\FMOD Spatializer Comparison\Library\ScriptAssemblies\Unity.Timeline.dll
Symbol file LoadedFromMemory is not a mono symbol file
Symbol file data-0000029000ED0C50 doesn't match image C:\Users\IXLAB\Documents\GitHub\fmod-spatializer-comparison\FMOD Spatializer Comparison\Library\ScriptAssemblies\Oculus.Platform.dll
Symbol file LoadedFromMemory is not a mono symbol file
Symbol file data-00000291DD71F6E0 doesn't match image C:\Users\IXLAB\Documents\GitHub\fmod-spatializer-comparison\FMOD Spatializer Comparison\Library\ScriptAssemblies\Meta.WitAi.TTS.dll
Symbol file LoadedFromMemory is not a mono symbol file
Symbol file data-00000291DD7280F0 doesn't match image C:\Users\IXLAB\Documents\GitHub\fmod-spatializer-comparison\FMOD Spatializer Comparison\Library\ScriptAssemblies\Unity.XR.Oculus.dll
Symbol file LoadedFromMemory is not a mono symbol file
Symbol file data-0000029000EE9E60 doesn't match image C:\Users\IXLAB\Documents\GitHub\fmod-spatializer-comparison\FMOD Spatializer Comparison\Library\ScriptAssemblies\Meta.Wit.Composer.dll
Symbol file LoadedFromMemory is not a mono symbol file
Symbol file data-00000291DD732100 doesn't match image C:\Users\IXLAB\Documents\GitHub\fmod-spatializer-comparison\FMOD Spatializer Comparison\Library\ScriptAssemblies\Meta.VoiceSDK.Mic.WebGL.dll
Symbol file LoadedFromMemory is not a mono symbol file
Symbol file data-0000029000EE9E60 doesn't match image C:\Users\IXLAB\Documents\GitHub\fmod-spatializer-comparison\FMOD Spatializer Comparison\Library\ScriptAssemblies\Unity.VisualScripting.SettingsProvider.Editor.dll
Symbol file LoadedFromMemory is not a mono symbol file
Symbol file data-0000029000EE9E60 doesn't match image C:\Users\IXLAB\Documents\GitHub\fmod-spatializer-comparison\FMOD Spatializer Comparison\Library\ScriptAssemblies\Oculus.Interaction.Editor.dll
Symbol file LoadedFromMemory is not a mono symbol file
Symbol file data-0000029000EF0870 doesn't match image C:\Users\IXLAB\Documents\GitHub\fmod-spatializer-comparison\FMOD Spatializer Comparison\Library\ScriptAssemblies\Unity.TestTools.CodeCoverage.Editor.OpenCover.Model.dll
Symbol file LoadedFromMemory is not a mono symbol file
Symbol file data-0000029000EF0870 doesn't match image C:\Users\IXLAB\Documents\GitHub\fmod-spatializer-comparison\FMOD Spatializer Comparison\Library\ScriptAssemblies\Unity.AI.Navigation.Updater.dll
Symbol file LoadedFromMemory is not a mono symbol file
Symbol file data-0000029000EF6280 doesn't match image C:\Users\IXLAB\Documents\GitHub\fmod-spatializer-comparison\FMOD Spatializer Comparison\Library\ScriptAssemblies\Meta.XR.Audio.dll
Symbol file LoadedFromMemory is not a mono symbol file
Symbol file data-0000029000EF6280 doesn't match image C:\Users\IXLAB\Documents\GitHub\fmod-spatializer-comparison\FMOD Spatializer Comparison\Library\ScriptAssemblies\UnityEngine.TestRunner.dll
Symbol file LoadedFromMemory is not a mono symbol file
Symbol file data-0000029000EF6280 doesn't match image C:\Users\IXLAB\Documents\GitHub\fmod-spatializer-comparison\FMOD Spatializer Comparison\Library\ScriptAssemblies\Unity.VisualScripting.State.Editor.dll
Symbol file LoadedFromMemory is not a mono symbol file
Symbol file data-0000029000EF6280 doesn't match image C:\Users\IXLAB\Documents\GitHub\fmod-spatializer-comparison\FMOD Spatializer Comparison\Library\ScriptAssemblies\FMODUnityResonanceEditor.dll
Symbol file LoadedFromMemory is not a mono symbol file
Symbol file data-0000029000EF6280 doesn't match image C:\Users\IXLAB\Documents\GitHub\fmod-spatializer-comparison\FMOD Spatializer Comparison\Library\ScriptAssemblies\Meta.XR.BuildingBlocks.Editor.dll
Symbol file LoadedFromMemory is not a mono symbol file
Symbol file data-00000291DD988820 doesn't match image C:\Users\IXLAB\Documents\GitHub\fmod-spatializer-comparison\FMOD Spatializer Comparison\Library\ScriptAssemblies\Unity.Mathematics.dll
Symbol file LoadedFromMemory is not a mono symbol file
Symbol file data-00000291DD988820 doesn't match image C:\Users\IXLAB\Documents\GitHub\fmod-spatializer-comparison\FMOD Spatializer Comparison\Library\ScriptAssemblies\Meta.WitAI.Lib.Editor.dll
Symbol file LoadedFromMemory is not a mono symbol file
Symbol file data-0000029000F03A90 doesn't match image C:\Users\IXLAB\Documents\GitHub\fmod-spatializer-comparison\FMOD Spatializer Comparison\Library\ScriptAssemblies\Unity.Networking.Editor.dll
Symbol file LoadedFromMemory is not a mono symbol file
Symbol file data-00000291DD9C1230 doesn't match image C:\Users\IXLAB\Documents\GitHub\fmod-spatializer-comparison\FMOD Spatializer Comparison\Library\ScriptAssemblies\Unity.TextMeshPro.Editor.dll
Symbol file LoadedFromMemory is not a mono symbol file
Symbol file data-00000291DD9CEA40 doesn't match image C:\Users\IXLAB\Documents\GitHub\fmod-spatializer-comparison\FMOD Spatializer Comparison\Library\ScriptAssemblies\Unity.AI.Navigation.Editor.dll
Symbol file LoadedFromMemory is not a mono symbol file
Symbol file data-0000029000F03A90 doesn't match image C:\Users\IXLAB\Documents\GitHub\fmod-spatializer-comparison\FMOD Spatializer Comparison\Library\ScriptAssemblies\VoiceSDK.Runtime.Composer.dll
Symbol file LoadedFromMemory is not a mono symbol file
Symbol file data-00000290009B7C90 doesn't match image C:\Users\IXLAB\Documents\GitHub\fmod-spatializer-comparison\FMOD Spatializer Comparison\Library\ScriptAssemblies\Unity.VisualScripting.State.dll
Symbol file LoadedFromMemory is not a mono symbol file
Symbol file data-00000291DD9D6850 doesn't match image C:\Users\IXLAB\Documents\GitHub\fmod-spatializer-comparison\FMOD Spatializer Comparison\Library\ScriptAssemblies\Normal.Realtime.Shared.Editor.dll
Symbol file LoadedFromMemory is not a mono symbol file
Symbol file data-00000291DD9D6850 doesn't match image C:\Users\IXLAB\Documents\GitHub\fmod-spatializer-comparison\FMOD Spatializer Comparison\Library\ScriptAssemblies\Meta.Wit.Dictation.Editor.dll
Symbol file LoadedFromMemory is not a mono symbol file
Symbol file data-00000291DD9D6850 doesn't match image C:\Users\IXLAB\Documents\GitHub\fmod-spatializer-comparison\FMOD Spatializer Comparison\Library\ScriptAssemblies\Oculus.VR.dll
Symbol file LoadedFromMemory is not a mono symbol file
Symbol file data-00000290009B7C90 doesn't match image C:\Users\IXLAB\Documents\GitHub\fmod-spatializer-comparison\FMOD Spatializer Comparison\Library\ScriptAssemblies\Meta.XR.GuidedSetups.Editor.dll
Symbol file LoadedFromMemory is not a mono symbol file
Symbol file data-00000290009B7C90 doesn't match image C:\Users\IXLAB\Documents\GitHub\fmod-spatializer-comparison\FMOD Spatializer Comparison\Library\ScriptAssemblies\VoiceSDK.Runtime.dll
Symbol file LoadedFromMemory is not a mono symbol file
Symbol file data-00000290009BB2A0 doesn't match image C:\Users\IXLAB\Documents\GitHub\fmod-spatializer-comparison\FMOD Spatializer Comparison\Library\ScriptAssemblies\AssistantCoreSDKRuntime.dll
Symbol file LoadedFromMemory is not a mono symbol file
Symbol file data-00000291DDA01C80 doesn't match image C:\Users\IXLAB\Documents\GitHub\fmod-spatializer-comparison\FMOD Spatializer Comparison\Library\ScriptAssemblies\AssistantCoreSDKEditor.dll
Symbol file LoadedFromMemory is not a mono symbol file
Symbol file LoadedFromMemory is not a mono symbol file
- Loaded All Assemblies, in  0.913 seconds
Refreshing native plugins compatible for Editor in 32.22 ms, found 20 plugins.
Native extension for WindowsStandalone target not found
Native extension for Android target not found
Package Manager log level set to [2]
[Package Manager] Server::EnsureServerProcessIsRunning -- launch failed, reason: Unity was launched with the -noUpm command-line argument
[Package Manager] UpmClient::Send -- Unable to send message (not connected to UPM process).
[Package Manager] Cannot connect to Unity Package Manager local server
[Package Manager] Server::EnsureServerProcessIsRunning -- launch failed, reason: Unity was launched with the -noUpm command-line argument
[Package Manager] UpmClient::Send -- Unable to send message (not connected to UPM process).
[Package Manager] Cannot connect to Unity Package Manager local server
[Package Manager] Server::EnsureServerProcessIsRunning -- launch failed, reason: Unity was launched with the -noUpm command-line argument
[Package Manager] UpmClient::Send -- Unable to send message (not connected to UPM process).
[Package Manager] Cannot connect to Unity Package Manager local server
[Package Manager] Server::EnsureServerProcessIsRunning -- launch failed, reason: Unity was launched with the -noUpm command-line argument
[Package Manager] UpmClient::Send -- Unable to send message (not connected to UPM process).
[Package Manager] Cannot connect to Unity Package Manager local server
Normcore - Seamless multiplayer for Unity   [ <a href="https://normcore.io/discord"><b>normcore.io/discord</b></a> ]   [ <a href="https://normcore.io/documentation"><b>normcore.io/documentation</b></a> ]
UnityEngine.StackTraceUtility:ExtractStackTrace ()
UnityEngine.DebugLogHandler:LogFormat (UnityEngine.LogType,UnityEngine.Object,string,object[])
UnityEngine.Logger:Log (UnityEngine.LogType,object)
UnityEngine.Debug:Log (object)
Normal.Realtime.Welcome:.cctor ()
System.Runtime.CompilerServices.RuntimeHelpers:RunClassConstructor (System.RuntimeTypeHandle)
UnityEditor.EditorAssemblies:ProcessInitializeOnLoadAttributes (System.Type[])

System.Reflection.TargetInvocationException: Exception has been thrown by the target of an invocation. ---> System.NullReferenceException: Object reference not set to an instance of an object
  at Unity.XR.Oculus.OculusLoader.AssetPathToAbsolutePath (System.String assetPath) [0x00043] in <9a332eadf819463e929a7646829c7585>:0 
  at Unity.XR.Oculus.OculusLoader.EditorLoadOVRPlugin () [0x00084] in <9a332eadf819463e929a7646829c7585>:0 
  at (wrapper managed-to-native) System.Reflection.RuntimeMethodInfo.InternalInvoke(System.Reflection.RuntimeMethodInfo,object,object[],System.Exception&)
  at System.Reflection.RuntimeMethodInfo.Invoke (System.Object obj, System.Reflection.BindingFlags invokeAttr, System.Reflection.Binder binder, System.Object[] parameters, System.Globalization.CultureInfo culture) [0x0006a] in <17d9ce77f27a4bd2afb5ba32c9bea976>:0 
   --- End of inner exception stack trace ---
  at System.Reflection.RuntimeMethodInfo.Invoke (System.Object obj, System.Reflection.BindingFlags invokeAttr, System.Reflection.Binder binder, System.Object[] parameters, System.Globalization.CultureInfo culture) [0x00083] in <17d9ce77f27a4bd2afb5ba32c9bea976>:0 
  at System.Reflection.MethodBase.Invoke (System.Object obj, System.Object[] parameters) [0x00000] in <17d9ce77f27a4bd2afb5ba32c9bea976>:0 
  at UnityEditor.EditorAssemblies.ProcessInitializeOnLoadMethodAttributes () [0x000a5] in <78fe3e0b66cf40fc8dbec96aa3584483>:0 
UnityEngine.StackTraceUtility:ExtractStackTrace ()
UnityEngine.DebugLogHandler:LogFormat (UnityEngine.LogType,UnityEngine.Object,string,object[])
UnityEngine.Logger:Log (UnityEngine.LogType,object)
UnityEngine.Debug:LogError (object)
UnityEditor.EditorAssemblies:ProcessInitializeOnLoadMethodAttributes ()

Mono: successfully reloaded assembly
[Package Manager] Server::EnsureServerProcessIsRunning -- launch failed, reason: Unity was launched with the -noUpm command-line argument
[Package Manager] UpmClient::Send -- Unable to send message (not connected to UPM process).
[Package Manager] Cannot connect to Unity Package Manager local server
[Package Manager] Server::EnsureServerProcessIsRunning -- launch failed, reason: Unity was launched with the -noUpm command-line argument
[Package Manager] UpmClient::Send -- Unable to send message (not connected to UPM process).
[Package Manager] Cannot connect to Unity Package Manager local server
- Finished resetting the current domain, in  0.687 seconds
Domain Reload Profiling: 1597ms
	BeginReloadAssembly (153ms)
		ExecutionOrderSort (0ms)
		DisableScriptedObjects (5ms)
		BackupInstance (0ms)
		ReleaseScriptingObjects (0ms)
		CreateAndSetChildDomain (26ms)
	RebuildCommonClasses (41ms)
	RebuildNativeTypeToScriptingClass (11ms)
	initialDomainReloadingComplete (71ms)
	LoadAllAssembliesAndSetupDomain (634ms)
		LoadAssemblies (423ms)
		RebuildTransferFunctionScriptingTraits (0ms)
		AnalyzeDomain (300ms)
			TypeCache.Refresh (247ms)
				TypeCache.ScanAssembly (223ms)
			ScanForSourceGeneratedMonoScriptInfo (37ms)
			ResolveRequiredComponents (13ms)
	FinalizeReload (687ms)
		ReleaseScriptCaches (0ms)
		RebuildScriptCaches (0ms)
		SetupLoadedEditorAssemblies (481ms)
			LogAssemblyErrors (0ms)
			InitializePlatformSupportModulesInManaged (27ms)
			SetLoadedEditorAssemblies (4ms)
			RefreshPlugins (0ms)
			BeforeProcessingInitializeOnLoad (98ms)
			ProcessInitializeOnLoadAttributes (316ms)
			ProcessInitializeOnLoadMethodAttributes (31ms)
			AfterProcessingInitializeOnLoad (5ms)
			EditorAssembliesLoaded (0ms)
		ExecutionOrderSort2 (0ms)
		AwakeInstancesAfterBackupRestoration (5ms)
Shader 'Oculus/OVRMRCameraFrameLit': fallback shader 'Alpha-Diffuse' not found
Shader 'Meta/MRUK/Scene/HighlightsAndShadows': fallback shader 'Off' not found
Launched and connected shader compiler UnityShaderCompiler.exe after 0.04 seconds
Refreshing native plugins compatible for Editor in 33.14 ms, found 20 plugins.
Preloading 5 native plugins for Editor in 0.17 ms.
Unloading 6277 Unused Serialized files (Serialized files now loaded: 0)
Unloading 217 unused Assets / (146.7 KB). Loaded Objects now: 6632.
Memory consumption went from 217.2 MB to 217.1 MB.
Total: 4.713600 ms (FindLiveObjects: 0.640100 ms CreateObjectMapping: 0.193700 ms MarkObjects: 3.510900 ms  DeleteObjects: 0.367000 ms)

AssetImportParameters requested are different than current active one (requested -> active):
  custom:container-demuxer-ogg: 62fdf1f143b41e24485cea50d1cbac27 -> 
  custom:video-decoder-ogg-theora: a1e56fd34408186e4bbccfd4996cb3dc -> 
  custom:framework-win-MediaFoundation: 216162199b28c13a410421893ffa2e32 -> 
  custom:CustomObjectIndexerAttribute: 43b350a4d6e6d1791af0b5038c4bea17 -> 
  custom:container-demuxer-webm: 4f35f7cbe854078d1ac9338744f61a02 -> 
  custom:container-muxer-webm: aa71ff27fc2769a1b78a27578f13a17b -> 
  custom:video-decoder-webm-vp8: 9c59270c3fd7afecdb556c50c9e8de78 -> 
  custom:SearchIndexIgnoredProperties: e643bd26f0fe6173181afceb89e7c659 -> 
  custom:AudioImporter_EditorPlatform: d09bf68614088b80899f8185d706f6e7 -> 
  custom:video-encoder-webm-vp8: eb34c28f22e8b96e1ab97ce403110664 -> 
  custom:audio-decoder-ogg-vorbis: bf7c407c2cedff20999df2af8eb42d56 -> 
  custom:audio-encoder-webm-vorbis: bf7c407c2cedff20999df2af8eb42d56 -> 
========================================================================
Received Import Request.
  Time since last request: 1999214.000284 seconds.
  path: Assets/DefaultNetworkPrefabs.asset
  artifactKey: Guid(d9b3d67573c42044c89d5686b4a7cf45) Importer(815301076,1909f56bfc062723c751e8b465ee728b)
Start importing Assets/DefaultNetworkPrefabs.asset using Guid(d9b3d67573c42044c89d5686b4a7cf45) Importer(815301076,1909f56bfc062723c751e8b465ee728b)  -> (artifact id: '6f6c22b51e33ea883a6df731f9135e84') in 0.030757 seconds
Number of updated asset objects reloaded before import = 0
Number of asset objects unloaded after import = 65
